TN:
SF:src/modules/appointments/services/CreateAppointmentService.ts
FN:40,__decorate
FN:40,__metadata
FN:40,__param
FN:40,__awaiter
FN:40,adopt
FN:40,fulfilled
FN:40,rejected
FN:40,step
FN:40,__generator
FN:40,sent
FN:40,Symbol.function.g.(anonymous function)
FN:40,verb
FN:40,step
FN:40,__importDefault
FN:15,CreateAppointmentService
FN:20,CreateAppointmentService.execute
FNF:16
FNH:14
FNDA:1,__decorate
FNDA:1,__metadata
FNDA:1,__param
FNDA:3,__awaiter
FNDA:3,adopt
FNDA:3,fulfilled
FNDA:0,rejected
FNDA:5,step
FNDA:3,__generator
FNDA:3,sent
FNDA:0,Symbol.function.g.(anonymous function)
FNDA:9,verb
FNDA:6,step
FNDA:1,__importDefault
FNDA:2,CreateAppointmentService
FNDA:3,CreateAppointmentService.execute
DA:1,1
DA:2,1
DA:3,1
DA:4,1
DA:5,1
DA:6,1
DA:7,1
DA:8,1
DA:9,1
DA:10,1
DA:11,1
DA:12,1
DA:13,1
DA:14,1
DA:15,1
DA:16,2
DA:17,2
DA:18,2
DA:19,1
DA:20,1
DA:21,3
DA:22,3
DA:23,3
DA:24,3
DA:25,3
DA:26,3
DA:27,3
DA:28,1
DA:29,1
DA:30,2
DA:31,2
DA:32,2
DA:33,2
DA:34,2
DA:35,2
DA:36,2
DA:37,3
DA:38,1
DA:39,1
DA:40,1
LF:40
LH:40
BRDA:40,0,0,1
BRDA:40,1,0,1
BRDA:40,2,0,0
BRDA:40,3,0,0
BRDA:40,4,0,0
BRDA:40,5,0,0
BRDA:40,6,0,1
BRDA:40,7,0,1
BRDA:40,8,0,1
BRDA:40,9,0,3
BRDA:40,10,0,3
BRDA:40,11,0,0
BRDA:40,12,0,3
BRDA:40,13,0,3
BRDA:40,14,0,2
BRDA:40,15,0,1
BRDA:40,16,0,5
BRDA:40,17,0,2
BRDA:40,18,0,3
BRDA:40,19,0,3
BRDA:40,20,0,3
BRDA:40,21,0,0
BRDA:40,22,0,9
BRDA:40,23,0,6
BRDA:40,24,0,6
BRDA:40,25,0,0
BRDA:40,26,0,12
BRDA:40,27,0,0
BRDA:40,28,0,0
BRDA:40,29,0,0
BRDA:40,30,0,0
BRDA:40,31,0,6
BRDA:40,32,0,6
BRDA:40,33,0,0
BRDA:40,34,0,3
BRDA:40,35,0,0
BRDA:40,36,0,3
BRDA:40,37,0,0
BRDA:40,38,0,2
BRDA:40,39,0,0
BRDA:40,40,0,0
BRDA:40,41,0,0
BRDA:40,42,0,0
BRDA:40,43,0,0
BRDA:40,44,0,6
BRDA:40,45,0,5
BRDA:40,46,0,1
BRDA:40,47,0,6
BRDA:40,48,0,3
BRDA:40,49,0,1
BRDA:40,50,0,2
BRDA:40,51,0,0
BRDA:40,52,0,1
BRDA:40,53,0,0
BRDA:14,54,0,1
BRDA:15,55,0,2
BRDA:20,56,0,3
BRDA:40,57,0,3
BRDA:40,58,0,6
BRDA:40,59,0,3
BRDA:40,60,0,0
BRDA:40,61,0,3
BRDA:27,62,0,1
BRDA:29,63,0,2
BRDA:40,64,0,0
BRF:65
BRH:42
end_of_record
TN:
SF:src/modules/users/services/AuthenticateUserService.ts
FN:60,__decorate
FN:60,__metadata
FN:60,__param
FN:60,__awaiter
FN:60,adopt
FN:60,fulfilled
FN:60,rejected
FN:60,step
FN:60,__generator
FN:60,sent
FN:60,Symbol.function.g.(anonymous function)
FN:60,verb
FN:60,step
FN:60,__importDefault
FN:23,AuthenticateUserService
FN:30,AuthenticateUserService.execute
FNF:16
FNH:14
FNDA:1,__decorate
FNDA:1,__metadata
FNDA:2,__param
FNDA:3,__awaiter
FNDA:5,adopt
FNDA:5,fulfilled
FNDA:0,rejected
FNDA:6,step
FNDA:3,__generator
FNDA:5,sent
FNDA:0,Symbol.function.g.(anonymous function)
FNDA:9,verb
FNDA:8,step
FNDA:2,__importDefault
FNDA:3,AuthenticateUserService
FNDA:3,AuthenticateUserService.execute
DA:1,1
DA:2,1
DA:3,1
DA:4,1
DA:5,1
DA:6,1
DA:7,1
DA:8,1
DA:9,1
DA:10,1
DA:11,1
DA:12,1
DA:13,1
DA:14,1
DA:15,1
DA:16,1
DA:17,1
DA:18,1
DA:19,1
DA:20,1
DA:21,1
DA:22,1
DA:23,1
DA:24,3
DA:25,3
DA:26,3
DA:27,3
DA:28,3
DA:29,1
DA:30,1
DA:31,3
DA:32,3
DA:33,3
DA:34,1
DA:35,1
DA:36,2
DA:37,2
DA:38,2
DA:39,2
DA:40,2
DA:41,3
DA:42,3
DA:43,1
DA:44,1
DA:45,1
DA:46,1
DA:47,1
DA:48,1
DA:49,1
DA:50,1
DA:51,1
DA:52,1
DA:53,1
DA:54,1
DA:55,1
DA:56,1
DA:57,3
DA:58,1
DA:59,1
DA:60,1
LF:60
LH:60
BRDA:60,0,0,1
BRDA:60,1,0,1
BRDA:60,2,0,0
BRDA:60,3,0,0
BRDA:60,4,0,0
BRDA:60,5,0,0
BRDA:60,6,0,1
BRDA:60,7,0,2
BRDA:60,8,0,2
BRDA:60,9,0,3
BRDA:60,10,0,5
BRDA:60,11,0,0
BRDA:60,12,0,3
BRDA:60,13,0,5
BRDA:60,14,0,3
BRDA:60,15,0,2
BRDA:60,16,0,6
BRDA:60,17,0,1
BRDA:60,18,0,5
BRDA:60,19,0,3
BRDA:60,20,0,5
BRDA:60,21,0,0
BRDA:60,22,0,9
BRDA:60,23,0,8
BRDA:60,24,0,8
BRDA:60,25,0,0
BRDA:60,26,0,16
BRDA:60,27,0,0
BRDA:60,28,0,0
BRDA:60,29,0,0
BRDA:60,30,0,0
BRDA:60,31,0,8
BRDA:60,32,0,8
BRDA:60,33,0,0
BRDA:60,34,0,5
BRDA:60,35,0,0
BRDA:60,36,0,3
BRDA:60,37,0,0
BRDA:60,38,0,1
BRDA:60,39,0,0
BRDA:60,40,0,0
BRDA:60,41,0,0
BRDA:60,42,0,0
BRDA:60,43,0,0
BRDA:60,44,0,8
BRDA:60,45,0,6
BRDA:60,46,0,2
BRDA:60,47,0,8
BRDA:60,48,0,3
BRDA:60,49,0,2
BRDA:60,50,0,1
BRDA:60,51,0,0
BRDA:60,52,0,2
BRDA:60,53,0,0
BRDA:22,54,0,1
BRDA:23,55,0,3
BRDA:30,56,0,3
BRDA:60,57,0,3
BRDA:60,58,0,8
BRDA:31,59,0,3
BRDA:60,60,0,0
BRDA:60,61,0,3
BRDA:33,62,0,1
BRDA:35,63,0,2
BRDA:60,64,0,0
BRDA:60,65,0,2
BRDA:42,66,0,1
BRDA:60,67,0,0
BRF:68
BRH:44
end_of_record
TN:
SF:src/modules/users/services/CreateUserService.ts
FN:43,__decorate
FN:43,__metadata
FN:43,__param
FN:43,__awaiter
FN:43,adopt
FN:43,fulfilled
FN:43,rejected
FN:43,step
FN:43,__generator
FN:43,sent
FN:43,Symbol.function.g.(anonymous function)
FN:43,verb
FN:43,step
FN:43,__importDefault
FN:17,CreateUserService
FN:24,CreateUserService.execute
FNF:16
FNH:14
FNDA:2,__decorate
FNDA:2,__metadata
FNDA:4,__param
FNDA:5,__awaiter
FNDA:9,adopt
FNDA:9,fulfilled
FNDA:0,rejected
FNDA:13,step
FNDA:5,__generator
FNDA:9,sent
FNDA:0,Symbol.function.g.(anonymous function)
FNDA:15,verb
FNDA:14,step
FNDA:2,__importDefault
FNDA:4,CreateUserService
FNDA:5,CreateUserService.execute
DA:1,1
DA:2,1
DA:3,1
DA:4,1
DA:5,1
DA:6,1
DA:7,1
DA:8,1
DA:9,1
DA:10,1
DA:11,1
DA:12,1
DA:13,1
DA:14,1
DA:15,1
DA:16,2
DA:17,2
DA:18,4
DA:19,4
DA:20,4
DA:21,4
DA:22,4
DA:23,2
DA:24,2
DA:25,5
DA:26,5
DA:27,5
DA:28,1
DA:29,1
DA:30,4
DA:31,4
DA:32,5
DA:33,5
DA:34,5
DA:35,5
DA:36,5
DA:37,5
DA:38,5
DA:39,5
DA:40,5
DA:41,2
DA:42,1
DA:43,1
LF:43
LH:43
BRDA:43,0,0,2
BRDA:43,1,0,2
BRDA:43,2,0,0
BRDA:43,3,0,0
BRDA:43,4,0,0
BRDA:43,5,0,0
BRDA:43,6,0,2
BRDA:43,7,0,4
BRDA:43,8,0,4
BRDA:43,9,0,5
BRDA:43,10,0,9
BRDA:43,11,0,0
BRDA:43,12,0,5
BRDA:43,13,0,9
BRDA:43,14,0,8
BRDA:43,15,0,1
BRDA:43,16,0,13
BRDA:43,17,0,4
BRDA:43,18,0,9
BRDA:43,19,0,5
BRDA:43,20,0,9
BRDA:43,21,0,0
BRDA:43,22,0,15
BRDA:43,23,0,14
BRDA:43,24,0,14
BRDA:43,25,0,0
BRDA:43,26,0,28
BRDA:43,27,0,0
BRDA:43,28,0,0
BRDA:43,29,0,0
BRDA:43,30,0,0
BRDA:43,31,0,14
BRDA:43,32,0,14
BRDA:43,33,0,0
BRDA:43,34,0,9
BRDA:43,35,0,0
BRDA:43,36,0,5
BRDA:43,37,0,0
BRDA:43,38,0,4
BRDA:43,39,0,0
BRDA:43,40,0,0
BRDA:43,41,0,0
BRDA:43,42,0,0
BRDA:43,43,0,0
BRDA:43,44,0,22
BRDA:43,45,0,14
BRDA:43,46,0,13
BRDA:43,47,0,1
BRDA:43,48,0,14
BRDA:43,49,0,5
BRDA:43,50,0,1
BRDA:43,51,0,4
BRDA:43,52,0,0
BRDA:43,53,0,2
BRDA:43,54,0,0
BRDA:16,55,0,2
BRDA:17,56,0,4
BRDA:24,57,0,5
BRDA:43,58,0,5
BRDA:43,59,0,14
BRDA:25,60,0,5
BRDA:43,61,0,0
BRDA:43,62,0,5
BRDA:27,63,0,1
BRDA:29,64,0,4
BRDA:43,65,0,0
BRDA:43,66,0,4
BRDA:43,67,0,0
BRF:68
BRH:44
end_of_record
TN:
SF:src/modules/users/services/UpdateUserAvatarService.ts
FN:45,__decorate
FN:45,__metadata
FN:45,__param
FN:45,__awaiter
FN:45,adopt
FN:45,fulfilled
FN:45,rejected
FN:45,step
FN:45,__generator
FN:45,sent
FN:45,Symbol.function.g.(anonymous function)
FN:45,verb
FN:45,step
FN:45,__importDefault
FN:16,UpdateUserAvatarService
FN:24,UpdateUserAvatarService.execute
FNF:16
FNH:14
FNDA:1,__decorate
FNDA:1,__metadata
FNDA:2,__param
FNDA:4,__awaiter
FNDA:11,adopt
FNDA:11,fulfilled
FNDA:0,rejected
FNDA:14,step
FNDA:4,__generator
FNDA:11,sent
FNDA:0,Symbol.function.g.(anonymous function)
FNDA:12,verb
FNDA:15,step
FNDA:1,__importDefault
FNDA:3,UpdateUserAvatarService
FNDA:4,UpdateUserAvatarService.execute
DA:1,1
DA:2,1
DA:3,1
DA:4,1
DA:5,1
DA:6,1
DA:7,1
DA:8,1
DA:9,1
DA:10,1
DA:11,1
DA:12,1
DA:13,1
DA:14,1
DA:15,1
DA:16,1
DA:17,3
DA:18,3
DA:19,3
DA:20,3
DA:21,3
DA:22,3
DA:23,1
DA:24,1
DA:25,4
DA:26,4
DA:27,4
DA:28,1
DA:29,1
DA:30,3
DA:31,3
DA:32,1
DA:33,4
DA:34,4
DA:35,4
DA:36,4
DA:37,4
DA:38,4
DA:39,4
DA:40,4
DA:41,4
DA:42,4
DA:43,1
DA:44,1
DA:45,1
LF:45
LH:45
BRDA:45,0,0,1
BRDA:45,1,0,1
BRDA:45,2,0,0
BRDA:45,3,0,0
BRDA:45,4,0,0
BRDA:45,5,0,0
BRDA:45,6,0,1
BRDA:45,7,0,2
BRDA:45,8,0,2
BRDA:45,9,0,4
BRDA:45,10,0,11
BRDA:45,11,0,0
BRDA:45,12,0,4
BRDA:45,13,0,11
BRDA:45,14,0,10
BRDA:45,15,0,1
BRDA:45,16,0,14
BRDA:45,17,0,3
BRDA:45,18,0,11
BRDA:45,19,0,4
BRDA:45,20,0,11
BRDA:45,21,0,0
BRDA:45,22,0,12
BRDA:45,23,0,15
BRDA:45,24,0,15
BRDA:45,25,0,0
BRDA:45,26,0,32
BRDA:45,27,0,0
BRDA:45,28,0,0
BRDA:45,29,0,0
BRDA:45,30,0,0
BRDA:45,31,0,15
BRDA:45,32,0,15
BRDA:45,33,0,0
BRDA:45,34,0,11
BRDA:45,35,0,0
BRDA:45,36,0,6
BRDA:45,37,0,0
BRDA:45,38,0,5
BRDA:45,39,0,4
BRDA:45,40,0,2
BRDA:45,41,0,0
BRDA:45,42,0,2
BRDA:45,43,0,0
BRDA:45,44,0,0
BRDA:45,45,0,0
BRDA:45,46,0,0
BRDA:45,47,0,17
BRDA:45,48,0,16
BRDA:45,49,0,1
BRDA:45,50,0,17
BRDA:45,51,0,4
BRDA:45,52,0,1
BRDA:45,53,0,3
BRDA:45,54,0,0
BRDA:45,55,0,1
BRDA:45,56,0,0
BRDA:15,57,0,1
BRDA:16,58,0,3
BRDA:24,59,0,4
BRDA:45,60,0,4
BRDA:45,61,0,17
BRDA:25,62,0,4
BRDA:45,63,0,0
BRDA:45,64,0,4
BRDA:27,65,0,1
BRDA:29,66,0,3
BRDA:31,67,0,2
BRDA:31,68,0,1
BRDA:45,69,0,0
BRDA:45,70,0,1
BRDA:35,71,0,3
BRDA:45,72,0,0
BRDA:45,73,0,3
BRDA:45,74,0,0
BRDA:45,75,0,3
BRDA:45,76,0,0
BRF:77
BRH:51
end_of_record
